2024-09-24 15:11:27,835 - Training - WARNING - Training started.
2024-09-29 21:00:44,001 - Training - WARNING - Input layer created with shape: (512, 512, 3)
2024-09-29 21:00:44,003 - Training - WARNING - Input layer created with shape: (512, 512, 3)
2024-09-29 21:00:44,004 - Training - WARNING - Input layer created with shape: (512, 512, 3)
2024-09-29 21:41:25,704 - Training - WARNING - Backbone processed successfully.
2024-09-29 21:44:00,134 - Training - WARNING - Backbone processed successfully.
2024-09-29 21:46:12,171 - Training - WARNING - Backbone processed successfully.
2024-09-29 21:50:37,812 - Training - WARNING - Backbone processed successfully.
2024-09-29 21:53:25,929 - Training - WARNING - Backbone processed successfully.
2024-09-29 21:56:57,180 - Training - WARNING - Backbone processed successfully.
2024-09-29 21:59:37,879 - Training - WARNING - Backbone processed successfully.
2024-09-29 21:59:38,126 - Training - WARNING - Feature Pyramid Network processed successfully.
2024-09-30 00:37:52,642 - Training - WARNING - Backbone processed successfully.
2024-09-30 00:38:19,189 - Training - WARNING - Backbone processed successfully.
2024-09-30 00:38:19,449 - Training - WARNING - Feature Pyramid Network processed successfully.
2024-09-30 00:39:06,790 - Training - WARNING - Backbone processed successfully.
2024-09-30 00:39:07,041 - Training - WARNING - Feature Pyramid Network processed successfully.
2024-09-30 00:39:07,840 - Training - WARNING - Detection Head processed successfully.
2024-09-30 00:39:07,845 - Training - WARNING - Model constructed successfully.
2024-09-30 23:11:44,945 - Training - WARNING - Starting the pipeline with accelerator: None, input shape: (512, 512, 3), epochs: 1, batch size: 256
2024-09-30 23:13:02,074 - Training - WARNING - Starting the pipeline with accelerator: CPU, input shape: (512, 512, 3), epochs: 1, batch size: 256
2024-09-30 23:13:02,076 - Training - WARNING - Building the model with 10 classes and 3 anchors.
2024-09-30 23:16:27,607 - Training - WARNING - Starting the pipeline with accelerator: CPU, input shape: (512, 512, 3), epochs: 1, batch size: 256
2024-09-30 23:16:27,630 - Training - WARNING - Building the model with 10 classes and 3 anchors.
2024-09-30 23:16:28,828 - Training - WARNING - Backbone processed successfully.
2024-09-30 23:16:29,099 - Training - WARNING - Feature Pyramid Network processed successfully.
2024-09-30 23:16:30,868 - Training - WARNING - Detection Head processed successfully.
2024-09-30 23:16:30,875 - Training - WARNING - Model constructed successfully.
2024-09-30 23:20:44,245 - Training - WARNING - Starting the pipeline with accelerator: CPU, input shape: (512, 512, 3), epochs: 1, batch size: None
2024-09-30 23:20:44,246 - Training - WARNING - Building the model with 10 classes and 3 anchors.
2024-09-30 23:20:44,360 - Training - WARNING - Backbone processed successfully.
2024-09-30 23:20:44,665 - Training - WARNING - Feature Pyramid Network processed successfully.
2024-09-30 23:20:46,620 - Training - WARNING - Detection Head processed successfully.
2024-09-30 23:20:46,628 - Training - WARNING - Model constructed successfully.
2024-09-30 23:20:46,629 - Training - WARNING - Compiling the model using tf.keras.optimizers.Adam.
2024-09-30 23:20:46,629 - Training - WARNING - Printing model summary.
2024-09-30 23:20:46,702 - Training - WARNING - Training the model.
2024-09-30 23:22:29,728 - Training - WARNING - Starting the pipeline with accelerator: CPU, input shape: (512, 512, 3), epochs: 1, batch size: None
2024-09-30 23:22:29,729 - Training - WARNING - Building the model with 10 classes and 3 anchors.
2024-09-30 23:22:29,842 - Training - WARNING - Backbone processed successfully.
2024-09-30 23:22:30,157 - Training - WARNING - Feature Pyramid Network processed successfully.
2024-09-30 23:22:31,897 - Training - WARNING - Detection Head processed successfully.
2024-09-30 23:22:31,906 - Training - WARNING - Model constructed successfully.
2024-09-30 23:22:31,906 - Training - WARNING - Compiling the model using tf.keras.optimizers.Adam.
2024-09-30 23:22:31,906 - Training - WARNING - Printing model summary.
2024-09-30 23:22:31,970 - Training - WARNING - Training the model.
2024-09-30 23:28:24,135 - Training - WARNING - Starting the pipeline with accelerator: CPU, input shape: (512, 512, 3), epochs: 1, batch size: None
2024-09-30 23:28:24,136 - Training - WARNING - Building the model with 10 classes and 3 anchors.
2024-09-30 23:28:24,246 - Training - WARNING - Backbone processed successfully.
2024-09-30 23:28:24,529 - Training - WARNING - Feature Pyramid Network processed successfully.
2024-09-30 23:28:26,200 - Training - WARNING - Detection Head processed successfully.
2024-09-30 23:28:26,206 - Training - WARNING - Model constructed successfully.
2024-09-30 23:28:26,206 - Training - WARNING - Compiling the model using tf.keras.optimizers.Adam.
2024-09-30 23:28:26,206 - Training - WARNING - Printing model summary.
2024-09-30 23:28:26,290 - Training - WARNING - Training the model.
2024-09-30 23:35:35,665 - Training - WARNING - Starting the pipeline with accelerator: CPU, input shape: (512, 512, 3), epochs: 1, batch size: 4
2024-09-30 23:35:36,133 - Training - WARNING - Building the model with 10 classes and 3 anchors.
2024-09-30 23:35:36,243 - Training - WARNING - Backbone processed successfully.
2024-09-30 23:35:36,551 - Training - WARNING - Feature Pyramid Network processed successfully.
2024-09-30 23:35:38,251 - Training - WARNING - Detection Head processed successfully.
2024-09-30 23:35:38,260 - Training - WARNING - Model constructed successfully.
2024-09-30 23:35:38,260 - Training - WARNING - Compiling the model using tf.keras.optimizers.Adam.
2024-09-30 23:35:38,260 - Training - WARNING - Printing model summary.
2024-09-30 23:35:38,329 - Training - WARNING - Training the model.
2024-09-30 23:38:10,484 - Training - WARNING - Starting the pipeline with accelerator: CPU, input shape: (512, 512, 3), epochs: 1, batch size: 4
2024-09-30 23:38:10,485 - Training - WARNING - Building the model with 10 classes and 3 anchors.
2024-09-30 23:38:10,582 - Training - WARNING - Backbone processed successfully.
2024-09-30 23:38:10,862 - Training - WARNING - Feature Pyramid Network processed successfully.
2024-09-30 23:38:12,617 - Training - WARNING - Detection Head processed successfully.
2024-09-30 23:38:12,623 - Training - WARNING - Model constructed successfully.
2024-09-30 23:38:12,623 - Training - WARNING - Compiling the model using tf.keras.optimizers.Adam.
2024-09-30 23:38:12,623 - Training - WARNING - Printing model summary.
2024-09-30 23:38:12,696 - Training - WARNING - Training the model.
2024-09-30 23:40:08,249 - Training - WARNING - Starting the pipeline with accelerator: CPU, input shape: (512, 512, 3), epochs: 1, batch size: 4
2024-09-30 23:40:08,250 - Training - WARNING - Building the model with 10 classes and 3 anchors.
2024-09-30 23:40:08,351 - Training - WARNING - Backbone processed successfully.
2024-09-30 23:40:08,607 - Training - WARNING - Feature Pyramid Network processed successfully.
2024-09-30 23:40:09,800 - Training - WARNING - Detection Head processed successfully.
2024-09-30 23:40:09,805 - Training - WARNING - Model constructed successfully.
2024-09-30 23:40:09,805 - Training - WARNING - Compiling the model using tf.keras.optimizers.Adam.
2024-09-30 23:40:09,806 - Training - WARNING - Printing model summary.
2024-09-30 23:40:09,900 - Training - WARNING - Training the model.
2024-09-30 23:54:44,029 - Training - WARNING - Starting the pipeline with accelerator: CPU, input shape: (512, 512, 3), epochs: 1, batch size: 4
2024-09-30 23:54:44,030 - Training - WARNING - Building the model with 10 classes and 3 anchors.
2024-09-30 23:54:44,131 - Training - WARNING - Backbone processed successfully.
2024-09-30 23:54:44,397 - Training - WARNING - Feature Pyramid Network processed successfully.
2024-09-30 23:54:45,441 - Training - WARNING - Detection Head processed successfully.
2024-09-30 23:54:45,446 - Training - WARNING - Model constructed successfully.
2024-09-30 23:54:45,447 - Training - WARNING - Compiling the model using tf.keras.optimizers.Adam.
2024-09-30 23:55:24,767 - Training - WARNING - Starting the pipeline with accelerator: CPU, input shape: (512, 512, 3), epochs: 1, batch size: 4
2024-09-30 23:55:24,768 - Training - WARNING - Building the model with 10 classes and 3 anchors.
2024-09-30 23:55:24,886 - Training - WARNING - Backbone processed successfully.
2024-09-30 23:55:25,148 - Training - WARNING - Feature Pyramid Network processed successfully.
2024-09-30 23:55:26,090 - Training - WARNING - Detection Head processed successfully.
2024-09-30 23:55:26,095 - Training - WARNING - Model constructed successfully.
2024-09-30 23:55:26,095 - Training - WARNING - Compiling the model using tf.keras.optimizers.Adam.
2024-09-30 23:55:26,095 - Training - WARNING - Printing model summary.
2024-09-30 23:55:26,161 - Training - WARNING - Training the model.
2024-09-30 23:57:51,674 - Training - WARNING - Starting the pipeline with accelerator: CPU, input shape: (512, 512, 3), epochs: 1, batch size: 4
2024-09-30 23:57:51,675 - Training - WARNING - Building the model with 10 classes and 3 anchors.
2024-09-30 23:57:51,778 - Training - WARNING - Backbone processed successfully.
2024-09-30 23:57:52,032 - Training - WARNING - Feature Pyramid Network processed successfully.
2024-09-30 23:57:53,097 - Training - WARNING - Detection Head processed successfully.
2024-09-30 23:57:53,102 - Training - WARNING - Model constructed successfully.
2024-09-30 23:57:53,102 - Training - WARNING - Compiling the model using tf.keras.optimizers.Adam.
2024-09-30 23:59:02,953 - Training - WARNING - Starting the pipeline with accelerator: CPU, input shape: (512, 512, 3), epochs: 1, batch size: 4
2024-09-30 23:59:02,954 - Training - WARNING - Building the model with 10 classes and 3 anchors.
2024-09-30 23:59:03,053 - Training - WARNING - Backbone processed successfully.
2024-09-30 23:59:03,310 - Training - WARNING - Feature Pyramid Network processed successfully.
2024-09-30 23:59:04,244 - Training - WARNING - Detection Head processed successfully.
2024-09-30 23:59:04,249 - Training - WARNING - Model constructed successfully.
2024-09-30 23:59:04,249 - Training - WARNING - Compiling the model using tf.keras.optimizers.Adam.
2024-10-01 00:01:31,136 - Training - WARNING - Starting the pipeline with accelerator: CPU, input shape: (512, 512, 3), epochs: 1, batch size: 4
2024-10-01 00:01:31,137 - Training - WARNING - Building the model with 10 classes and 3 anchors.
2024-10-01 00:01:31,235 - Training - WARNING - Backbone processed successfully.
2024-10-01 00:01:31,489 - Training - WARNING - Feature Pyramid Network processed successfully.
2024-10-01 00:01:32,419 - Training - WARNING - Detection Head processed successfully.
2024-10-01 00:01:32,424 - Training - WARNING - Model constructed successfully.
2024-10-01 00:02:28,036 - Training - WARNING - Starting the pipeline with accelerator: CPU, input shape: (512, 512, 3), epochs: 1, batch size: 4
2024-10-01 00:02:28,036 - Training - WARNING - Building the model with 10 classes and 3 anchors.
2024-10-01 00:02:28,133 - Training - WARNING - Backbone processed successfully.
2024-10-01 00:02:28,386 - Training - WARNING - Feature Pyramid Network processed successfully.
2024-10-01 00:02:29,268 - Training - WARNING - Detection Head processed successfully.
2024-10-01 00:02:29,273 - Training - WARNING - Model constructed successfully.
2024-10-01 00:02:29,273 - Training - WARNING - Compiling the model using Adam.
2024-10-01 00:02:29,278 - Training - WARNING - Printing model summary.
2024-10-01 00:02:29,349 - Training - WARNING - Training the model.
2024-10-01 01:17:27,998 - Training - WARNING - Starting the pipeline with accelerator: CPU, input shape: (512, 512, 3), epochs: 1, batch size: 4
2024-10-01 01:17:28,600 - Training - WARNING - Building the model with 10 classes and 3 anchors.
2024-10-01 01:17:28,727 - Training - WARNING - Backbone processed successfully.
2024-10-01 01:17:29,003 - Training - WARNING - Feature Pyramid Network processed successfully.
2024-10-01 01:17:30,727 - Training - WARNING - Detection Head processed successfully.
2024-10-01 01:17:30,734 - Training - WARNING - Model constructed successfully.
2024-10-01 01:17:30,734 - Training - WARNING - Compiling the model using Adam.
2024-10-01 01:17:30,741 - Training - WARNING - Printing model summary.
2024-10-01 01:17:30,811 - Training - WARNING - Training the model.
