2024-09-24 15:38:03,866 - Inference - DEBUG - Starting download from https://drive.google.com/uc?id=1z-eWq6Ld_0h9QFHVNd2biJ25lLwwNo3m
2024-09-24 15:38:25,717 - Inference - DEBUG - File size: 1.90 GB
2024-09-24 15:38:25,718 - Inference - DEBUG - Download completed. File size: File size: 1.90 GB2024-09-24 15:47:18,154 - Inference - DEBUG - Starting download from https://drive.google.com/uc?id=1z-eWq6Ld_0h9QFHVNd2biJ25lLwwNo3m
2024-09-24 15:47:41,571 - Inference - DEBUG - File size: 1.90 GB
2024-09-24 15:47:41,571 - Inference - DEBUG - Download completed. File size: File size: 1.90 GB
2024-09-24 15:52:20,721 - Inference - DEBUG - Stargin exraction of /workspaces/DetectionXR/data/raw/XR-Bones.zip.zip to /workspaces/DetectionXR/data/extraction_zip
2024-09-24 15:52:58,207 - Inference - DEBUG - Stargin exraction of /workspaces/DetectionXR/data/raw/XR-Bones.zip to /workspaces/DetectionXR/data/extraction_zip
2024-09-24 15:53:11,985 - Inference - DEBUG - Extraction completed successfully to /workspaces/DetectionXR/data/extraction_zip
2024-09-29 14:09:42,378 - Inference - DEBUG - All labels found for images.
2024-09-29 14:09:42,384 - Inference - DEBUG - Class distribution calculated: Empty DataFrame
Columns: [class_id, count]
Index: []
2024-09-29 14:09:42,389 - Inference - DEBUG - Image sizes retrieved:        Width Height
count      0      0
unique     0      0
top      NaN    NaN
freq     NaN    NaN
2024-09-29 14:09:42,391 - Inference - DEBUG - Bounding box data extracted: Empty DataFrame
Columns: [class_id, x_center, y_center, width, height]
Index: []
2024-09-29 14:09:42,391 - Inference - DEBUG - Extracted one example per class: {}
2024-09-29 14:09:42,528 - Inference - DEBUG - Plotted class distribution.
2024-09-29 14:09:42,730 - Inference - DEBUG - Plotted image size distribution.
2024-09-29 14:09:42,955 - Inference - DEBUG - Plotted bounding box size distribution.
2024-09-29 14:09:43,203 - Inference - DEBUG - Plotted bounding box width by class ID.
2024-09-29 14:21:04,020 - Inference - DEBUG - Class distribution calculated:    class_id  count
0         0    100
1         1    100
2         2    100
3         3    101
4         4    110
5         5    100
6         6    100
7         7    100
8         8    100
9         9    100
2024-09-29 14:21:06,498 - Inference - DEBUG - Image sizes retrieved:              Width       Height
count  1000.000000  1000.000000
mean    395.909000   485.274000
std     100.648432    58.939365
min     102.000000   134.000000
25%     351.750000   512.000000
50%     406.000000   512.000000
75%     512.000000   512.000000
max     512.000000   512.000000
2024-09-29 14:21:06,503 - Inference - DEBUG - Bounding box data extracted:    class_id  x_center  y_center     width    height
0         6  0.000000  0.000000  0.000000  0.000000
1         4  0.464373  0.325195  0.457002  0.365234
2         9  0.000000  0.000000  0.000000  0.000000
3         2  0.375977  0.635945  0.306641  0.202765
4         6  0.000000  0.000000  0.000000  0.000000
2024-09-29 14:21:06,503 - Inference - DEBUG - Extracted one example per class: {'6': {'image_path': '/workspaces/DetectionXR/data/extraction_zip/YOLODataSet/images/val/XR_FINGER_negative_728.png', 'labels': ['6 0.000000 0.000000 0.000000 0.000000']}, '4': {'image_path': '/workspaces/DetectionXR/data/extraction_zip/YOLODataSet/images/val/XR_SHOULDER_positive_1512.png', 'labels': ['4 0.464373 0.325195 0.457002 0.365234']}, '9': {'image_path': '/workspaces/DetectionXR/data/extraction_zip/YOLODataSet/images/val/XR_SHOULDER_negative_3653.png', 'labels': ['9 0.000000 0.000000 0.000000 0.000000']}, '2': {'image_path': '/workspaces/DetectionXR/data/extraction_zip/YOLODataSet/images/val/XR_FOREARM_positive_413.png', 'labels': ['2 0.375977 0.635945 0.306641 0.202765']}, '5': {'image_path': '/workspaces/DetectionXR/data/extraction_zip/YOLODataSet/images/val/XR_ELBOW_negative_465.png', 'labels': ['5 0.000000 0.000000 0.000000 0.000000']}, '7': {'image_path': '/workspaces/DetectionXR/data/extraction_zip/YOLODataSet/images/val/XR_FOREARM_negative_33.png', 'labels': ['7 0.000000 0.000000 0.000000 0.000000']}, '1': {'image_path': '/workspaces/DetectionXR/data/extraction_zip/YOLODataSet/images/val/XR_FINGER_positive_942.png', 'labels': ['1 0.569196 0.495117 0.325893 0.751953']}, '0': {'image_path': '/workspaces/DetectionXR/data/extraction_zip/YOLODataSet/images/val/XR_ELBOW_positive_1017.png', 'labels': ['0 0.516602 0.484169 0.314453 0.366755']}, '8': {'image_path': '/workspaces/DetectionXR/data/extraction_zip/YOLODataSet/images/val/XR_HAND_negative_2501.png', 'labels': ['8 0.000000 0.000000 0.000000 0.000000']}, '3': {'image_path': '/workspaces/DetectionXR/data/extraction_zip/YOLODataSet/images/val/XR_HAND_positive_635.png', 'labels': ['3 0.513554 0.731445 0.370482 0.212891']}}
2024-09-29 14:21:06,555 - Inference - DEBUG - Displayed image for class '6' with bounding boxes.
2024-09-29 14:21:06,576 - Inference - DEBUG - Displayed image for class '4' with bounding boxes.
2024-09-29 14:21:06,600 - Inference - DEBUG - Displayed image for class '9' with bounding boxes.
2024-09-29 14:21:06,620 - Inference - DEBUG - Displayed image for class '2' with bounding boxes.
2024-09-29 14:21:06,642 - Inference - DEBUG - Displayed image for class '5' with bounding boxes.
2024-09-29 14:21:06,661 - Inference - DEBUG - Displayed image for class '7' with bounding boxes.
2024-09-29 14:21:06,677 - Inference - DEBUG - Displayed image for class '1' with bounding boxes.
2024-09-29 14:21:06,702 - Inference - DEBUG - Displayed image for class '0' with bounding boxes.
2024-09-29 14:21:06,719 - Inference - DEBUG - Displayed image for class '8' with bounding boxes.
2024-09-29 14:21:06,736 - Inference - DEBUG - Displayed image for class '3' with bounding boxes.
2024-09-29 14:21:06,992 - Inference - DEBUG - Plotted class distribution.
2024-09-29 14:21:07,336 - Inference - DEBUG - Plotted image size distribution.
2024-09-29 14:21:07,679 - Inference - DEBUG - Plotted bounding box size distribution.
2024-09-29 14:21:08,039 - Inference - DEBUG - Plotted bounding box width by class ID.
2024-09-29 14:27:33,511 - Inference - DEBUG - Class distribution calculated:    class_id  count
0         0    100
1         1    100
2         2    100
3         3    101
4         4    110
5         5    100
6         6    100
7         7    100
8         8    100
9         9    100
2024-09-29 14:27:35,473 - Inference - DEBUG - Image sizes retrieved:              Width       Height
count  1000.000000  1000.000000
mean    395.909000   485.274000
std     100.648432    58.939365
min     102.000000   134.000000
25%     351.750000   512.000000
50%     406.000000   512.000000
75%     512.000000   512.000000
max     512.000000   512.000000
2024-09-29 14:27:35,477 - Inference - DEBUG - Bounding box data extracted:    class_id  x_center  y_center     width    height
0         6  0.000000  0.000000  0.000000  0.000000
1         4  0.464373  0.325195  0.457002  0.365234
2         9  0.000000  0.000000  0.000000  0.000000
3         2  0.375977  0.635945  0.306641  0.202765
4         6  0.000000  0.000000  0.000000  0.000000
2024-09-29 14:27:35,478 - Inference - DEBUG - Extracted one example per class: {'6': {'image_path': '/workspaces/DetectionXR/data/extraction_zip/YOLODataSet/images/val/XR_FINGER_negative_728.png', 'labels': ['6 0.000000 0.000000 0.000000 0.000000']}, '4': {'image_path': '/workspaces/DetectionXR/data/extraction_zip/YOLODataSet/images/val/XR_SHOULDER_positive_1512.png', 'labels': ['4 0.464373 0.325195 0.457002 0.365234']}, '9': {'image_path': '/workspaces/DetectionXR/data/extraction_zip/YOLODataSet/images/val/XR_SHOULDER_negative_3653.png', 'labels': ['9 0.000000 0.000000 0.000000 0.000000']}, '2': {'image_path': '/workspaces/DetectionXR/data/extraction_zip/YOLODataSet/images/val/XR_FOREARM_positive_413.png', 'labels': ['2 0.375977 0.635945 0.306641 0.202765']}, '5': {'image_path': '/workspaces/DetectionXR/data/extraction_zip/YOLODataSet/images/val/XR_ELBOW_negative_465.png', 'labels': ['5 0.000000 0.000000 0.000000 0.000000']}, '7': {'image_path': '/workspaces/DetectionXR/data/extraction_zip/YOLODataSet/images/val/XR_FOREARM_negative_33.png', 'labels': ['7 0.000000 0.000000 0.000000 0.000000']}, '1': {'image_path': '/workspaces/DetectionXR/data/extraction_zip/YOLODataSet/images/val/XR_FINGER_positive_942.png', 'labels': ['1 0.569196 0.495117 0.325893 0.751953']}, '0': {'image_path': '/workspaces/DetectionXR/data/extraction_zip/YOLODataSet/images/val/XR_ELBOW_positive_1017.png', 'labels': ['0 0.516602 0.484169 0.314453 0.366755']}, '8': {'image_path': '/workspaces/DetectionXR/data/extraction_zip/YOLODataSet/images/val/XR_HAND_negative_2501.png', 'labels': ['8 0.000000 0.000000 0.000000 0.000000']}, '3': {'image_path': '/workspaces/DetectionXR/data/extraction_zip/YOLODataSet/images/val/XR_HAND_positive_635.png', 'labels': ['3 0.513554 0.731445 0.370482 0.212891']}}
2024-09-29 14:27:35,498 - Inference - DEBUG - Displayed image for class '6' with bounding boxes.
2024-09-29 14:27:35,510 - Inference - DEBUG - Displayed image for class '4' with bounding boxes.
2024-09-29 14:27:35,520 - Inference - DEBUG - Displayed image for class '9' with bounding boxes.
2024-09-29 14:27:35,531 - Inference - DEBUG - Displayed image for class '2' with bounding boxes.
2024-09-29 14:27:35,542 - Inference - DEBUG - Displayed image for class '5' with bounding boxes.
2024-09-29 14:27:35,552 - Inference - DEBUG - Displayed image for class '7' with bounding boxes.
2024-09-29 14:27:35,563 - Inference - DEBUG - Displayed image for class '1' with bounding boxes.
2024-09-29 14:27:35,578 - Inference - DEBUG - Displayed image for class '0' with bounding boxes.
2024-09-29 14:27:35,589 - Inference - DEBUG - Displayed image for class '8' with bounding boxes.
2024-09-29 14:27:35,600 - Inference - DEBUG - Displayed image for class '3' with bounding boxes.
2024-09-29 14:27:37,415 - Inference - DEBUG - Plotted class distribution.
2024-09-29 14:27:37,779 - Inference - DEBUG - Plotted image size distribution.
2024-09-29 14:27:38,117 - Inference - DEBUG - Plotted bounding box size distribution.
2024-09-29 14:27:38,418 - Inference - DEBUG - Plotted bounding box width by class ID.
2024-09-30 01:54:11,013 - Inference - DEBUG - Starting download from https://drive.google.com/uc?id=1z-eWq6Ld_0h9QFHVNd2biJ25lLwwNo3m
2024-09-30 01:54:32,235 - Inference - DEBUG - File size: 1.90 GB
2024-09-30 01:54:32,236 - Inference - DEBUG - Download completed. File size: File size: 1.90 GB
2024-09-30 01:54:32,237 - Inference - DEBUG - Downloaded dataset 'YOLODataSet' from https://drive.google.com/file/d/1z-eWq6Ld_0h9QFHVNd2biJ25lLwwNo3m/view?usp=sharing.
2024-09-30 01:58:10,239 - Inference - DEBUG - Starting download from https://drive.google.com/uc?id=1z-eWq6Ld_0h9QFHVNd2biJ25lLwwNo3m
2024-09-30 01:58:24,191 - Inference - DEBUG - File size: 1.90 GB
2024-09-30 01:58:24,191 - Inference - DEBUG - Download completed. File size: File size: 1.90 GB
2024-09-30 01:58:24,191 - Inference - DEBUG - Downloaded dataset 'YOLODataSet' from https://drive.google.com/file/d/1z-eWq6Ld_0h9QFHVNd2biJ25lLwwNo3m/view?usp=sharing.
2024-09-30 02:00:31,334 - Inference - DEBUG - Starting download from https://drive.google.com/uc?id=1z-eWq6Ld_0h9QFHVNd2biJ25lLwwNo3m
2024-09-30 02:00:53,074 - Inference - DEBUG - File size: 1.90 GB
2024-09-30 02:00:53,075 - Inference - DEBUG - Download completed. File size: File size: 1.90 GB
2024-09-30 02:00:53,075 - Inference - DEBUG - Downloaded dataset 'YOLODataSet' from https://drive.google.com/file/d/1z-eWq6Ld_0h9QFHVNd2biJ25lLwwNo3m/view?usp=sharing.
2024-09-30 02:00:53,075 - Inference - DEBUG - Stargin exraction of /workspaces/DetectionXR/data/extraction_zip/YOLODataSet/YOLODataSet.zip to /workspaces/DetectionXR/data/extraction_zip
2024-09-30 02:06:14,718 - Inference - DEBUG - Starting download from https://drive.google.com/uc?id=1z-eWq6Ld_0h9QFHVNd2biJ25lLwwNo3m
2024-09-30 02:06:35,081 - Inference - DEBUG - File size: 1.90 GB
2024-09-30 02:06:35,082 - Inference - DEBUG - Download completed. File size: File size: 1.90 GB
2024-09-30 02:06:35,082 - Inference - DEBUG - Downloaded dataset 'YOLODataSet' from https://drive.google.com/file/d/1z-eWq6Ld_0h9QFHVNd2biJ25lLwwNo3m/view?usp=sharing.
2024-09-30 02:06:35,082 - Inference - DEBUG - Stargin exraction of /workspaces/DetectionXR/data/raw/YOLODataSet.zip to /workspaces/DetectionXR/data/extraction_zip
2024-09-30 02:07:17,000 - Inference - DEBUG - Extraction completed successfully to /workspaces/DetectionXR/data/extraction_zip
2024-09-30 02:07:17,010 - Inference - DEBUG - Extracted dataset 'YOLODataSet' to /workspaces/DetectionXR/data/extraction_zip.
2024-09-30 02:07:17,010 - Inference - DEBUG - Data generator created for images in '/workspaces/DetectionXR/data/extraction_zip/YOLODataSet/images/train' and labels in '/workspaces/DetectionXR/data/extraction_zip/YOLODataSet/labels/train'.
2024-09-30 02:12:46,507 - Inference - DEBUG - Starting download from https://drive.google.com/uc?id=1z-eWq6Ld_0h9QFHVNd2biJ25lLwwNo3m
2024-09-30 02:13:07,537 - Inference - DEBUG - File size: 1.90 GB
2024-09-30 02:13:07,537 - Inference - DEBUG - Download completed. File size: File size: 1.90 GB
2024-09-30 02:13:07,537 - Inference - DEBUG - Downloaded dataset 'YOLODataSet' from https://drive.google.com/file/d/1z-eWq6Ld_0h9QFHVNd2biJ25lLwwNo3m/view?usp=sharing.
2024-09-30 02:13:07,538 - Inference - DEBUG - Stargin exraction of /workspaces/DetectionXR/data/raw/YOLODataSet.zip to /workspaces/DetectionXR/data/extraction_zip
2024-09-30 02:13:41,593 - Inference - DEBUG - Extraction completed successfully to /workspaces/DetectionXR/data/extraction_zip
2024-09-30 02:13:41,603 - Inference - DEBUG - Extracted dataset 'YOLODataSet' to /workspaces/DetectionXR/data/extraction_zip.
2024-09-30 02:13:41,603 - Inference - DEBUG - Data generator created for images in '/train' and labels in '/train'.
2024-09-30 02:14:40,664 - Inference - DEBUG - Starting download from https://drive.google.com/uc?id=1z-eWq6Ld_0h9QFHVNd2biJ25lLwwNo3m
2024-09-30 02:14:55,401 - Inference - DEBUG - File size: 1.90 GB
2024-09-30 02:14:55,401 - Inference - DEBUG - Download completed. File size: File size: 1.90 GB
2024-09-30 02:14:55,401 - Inference - DEBUG - Downloaded dataset 'YOLODataSet' from https://drive.google.com/file/d/1z-eWq6Ld_0h9QFHVNd2biJ25lLwwNo3m/view?usp=sharing.
2024-09-30 02:14:55,401 - Inference - DEBUG - Stargin exraction of /workspaces/DetectionXR/data/raw/YOLODataSet.zip to /workspaces/DetectionXR/data/extraction_zip
2024-09-30 02:15:31,123 - Inference - DEBUG - Extraction completed successfully to /workspaces/DetectionXR/data/extraction_zip
2024-09-30 02:15:31,141 - Inference - DEBUG - Extracted dataset 'YOLODataSet' to /workspaces/DetectionXR/data/extraction_zip.
2024-09-30 02:15:31,141 - Inference - DEBUG - Data generator created for images in '/train' and labels in '/train'.
2024-09-30 02:16:29,808 - Inference - DEBUG - Starting download from https://drive.google.com/uc?id=1z-eWq6Ld_0h9QFHVNd2biJ25lLwwNo3m
2024-09-30 02:16:43,125 - Inference - DEBUG - File size: 1.90 GB
2024-09-30 02:16:43,126 - Inference - DEBUG - Download completed. File size: File size: 1.90 GB
2024-09-30 02:16:43,126 - Inference - DEBUG - Downloaded dataset 'YOLODataSet' from https://drive.google.com/file/d/1z-eWq6Ld_0h9QFHVNd2biJ25lLwwNo3m/view?usp=sharing.
2024-09-30 02:16:43,126 - Inference - DEBUG - Stargin exraction of /workspaces/DetectionXR/data/raw/YOLODataSet.zip to /workspaces/DetectionXR/data/extraction_zip
2024-09-30 02:17:21,371 - Inference - DEBUG - Extraction completed successfully to /workspaces/DetectionXR/data/extraction_zip
2024-09-30 02:17:21,383 - Inference - DEBUG - Extracted dataset 'YOLODataSet' to /workspaces/DetectionXR/data/extraction_zip.
2024-09-30 02:17:21,383 - Inference - DEBUG - Data generator created for images in 'train' and labels in 'train'.
2024-09-30 02:18:15,038 - Inference - DEBUG - Starting download from https://drive.google.com/uc?id=1z-eWq6Ld_0h9QFHVNd2biJ25lLwwNo3m
2024-09-30 02:18:29,176 - Inference - DEBUG - File size: 1.90 GB
2024-09-30 02:18:29,177 - Inference - DEBUG - Download completed. File size: File size: 1.90 GB
2024-09-30 02:18:29,177 - Inference - DEBUG - Downloaded dataset 'YOLODataSet' from https://drive.google.com/file/d/1z-eWq6Ld_0h9QFHVNd2biJ25lLwwNo3m/view?usp=sharing.
2024-09-30 02:18:29,177 - Inference - DEBUG - Stargin exraction of /workspaces/DetectionXR/data/raw/YOLODataSet.zip to /workspaces/DetectionXR/data/extraction_zip
2024-09-30 02:19:07,530 - Inference - DEBUG - Extraction completed successfully to /workspaces/DetectionXR/data/extraction_zip
2024-09-30 02:19:07,540 - Inference - DEBUG - Extracted dataset 'YOLODataSet' to /workspaces/DetectionXR/data/extraction_zip.
2024-09-30 02:19:07,540 - Inference - DEBUG - Data generator created for images in 'train' and labels in 'train'.
2024-09-30 20:15:16,441 - Inference - DEBUG - Read Yatml file form /workspaces/DetectionXR/config/pipeline_config_train.yml.
2024-09-30 20:15:16,445 - Inference - DEBUG - Obtained Configration.
2024-09-30 21:30:00,406 - Inference - DEBUG - Reading YAML file from /workspaces/DetectionXR/config/pipeline_config_train.yml
2024-09-30 21:59:32,883 - Inference - DEBUG - Reading YAML file from /workspaces/DetectionXR/config/DefaultConfigration.yml
2024-09-30 21:59:34,092 - Inference - DEBUG - Reading YAML file from /workspaces/DetectionXR/config/DefaultConfigration.yml
2024-09-30 21:59:34,095 - Inference - DEBUG - Obtained Configration.
2024-09-30 22:00:35,991 - Inference - DEBUG - Reading YAML file from /workspaces/DetectionXR/config/DefaultConfigration.yml
2024-09-30 22:00:36,715 - Inference - DEBUG - Reading YAML file from /workspaces/DetectionXR/config/DefaultConfigration.yml
2024-09-30 22:00:36,717 - Inference - DEBUG - Obtained Configration.
2024-09-30 22:01:18,238 - Inference - DEBUG - Reading YAML file from /workspaces/DetectionXR/config/DefaultConfigration.yml
2024-09-30 22:01:18,971 - Inference - DEBUG - Reading YAML file from /workspaces/DetectionXR/config/DefaultConfigration.yml
2024-09-30 22:01:18,974 - Inference - DEBUG - Obtained Configration.
2024-09-30 22:02:15,155 - Inference - DEBUG - Reading YAML file from /workspaces/DetectionXR/config/DefaultConfigration.yml
2024-09-30 22:02:15,870 - Inference - DEBUG - Reading YAML file from /workspaces/DetectionXR/config/DefaultConfigration.yml
2024-09-30 22:02:15,873 - Inference - DEBUG - Obtained Configration.
2024-09-30 22:16:11,390 - Inference - DEBUG - Reading YAML file from /workspaces/DetectionXR/config/DefaultConfigration.yml
2024-09-30 22:16:12,166 - Inference - DEBUG - Reading YAML file from /workspaces/DetectionXR/config/DefaultConfigration.yml
2024-09-30 22:16:12,169 - Inference - DEBUG - Obtained Configuration.
2024-09-30 22:17:00,678 - Inference - DEBUG - Reading YAML file from /workspaces/DetectionXR/config/DefaultConfigration.yml
2024-09-30 22:17:01,422 - Inference - DEBUG - Reading YAML file from /workspaces/DetectionXR/config/DefaultConfigration.yml
2024-09-30 22:17:01,425 - Inference - DEBUG - Obtained Configuration.
2024-09-30 22:18:09,530 - Inference - DEBUG - Reading YAML file from /workspaces/DetectionXR/config/DefaultConfigration.yml
2024-09-30 22:18:10,252 - Inference - DEBUG - Reading YAML file from /workspaces/DetectionXR/config/DefaultConfigration.yml
2024-09-30 22:18:10,255 - Inference - DEBUG - Obtained Configuration.
2024-09-30 22:19:05,862 - Inference - DEBUG - Reading YAML file from /workspaces/DetectionXR/config/DefaultConfigration.yml
2024-09-30 22:19:06,582 - Inference - DEBUG - Reading YAML file from /workspaces/DetectionXR/config/DefaultConfigration.yml
2024-09-30 22:19:06,585 - Inference - DEBUG - Obtained Configuration.
2024-09-30 22:20:01,917 - Inference - DEBUG - Reading YAML file from /workspaces/DetectionXR/config/DefaultConfigration.yml
2024-09-30 22:20:02,603 - Inference - DEBUG - Reading YAML file from /workspaces/DetectionXR/config/DefaultConfigration.yml
2024-09-30 22:20:02,605 - Inference - DEBUG - Obtained Configuration.
2024-09-30 22:21:44,100 - Inference - DEBUG - Reading YAML file from /workspaces/DetectionXR/config/DefaultConfigration.yml
2024-09-30 22:21:44,789 - Inference - DEBUG - Reading YAML file from /workspaces/DetectionXR/config/DefaultConfigration.yml
2024-09-30 22:21:44,791 - Inference - DEBUG - Obtained Configuration.
2024-09-30 22:22:48,818 - Inference - DEBUG - Reading YAML file from /workspaces/DetectionXR/config/DefaultConfigration.yml
2024-09-30 22:22:49,497 - Inference - DEBUG - Reading YAML file from /workspaces/DetectionXR/config/DefaultConfigration.yml
2024-09-30 22:22:49,499 - Inference - DEBUG - Obtained Configuration.
2024-09-30 22:23:26,021 - Inference - DEBUG - Reading YAML file from /workspaces/DetectionXR/config/DefaultConfigration.yml
2024-09-30 22:23:26,698 - Inference - DEBUG - Reading YAML file from /workspaces/DetectionXR/config/DefaultConfigration.yml
2024-09-30 22:23:26,700 - Inference - DEBUG - Obtained Configuration.
2024-09-30 22:23:37,527 - Inference - DEBUG - Reading YAML file from /workspaces/DetectionXR/config/DefaultConfigration.yml
2024-09-30 22:23:38,217 - Inference - DEBUG - Reading YAML file from /workspaces/DetectionXR/config/DefaultConfigration.yml
2024-09-30 22:23:38,219 - Inference - DEBUG - Obtained Configuration.
2024-09-30 22:24:21,985 - Inference - DEBUG - Reading YAML file from /workspaces/DetectionXR/config/DefaultConfigration.yml
2024-09-30 22:24:22,673 - Inference - DEBUG - Reading YAML file from /workspaces/DetectionXR/config/DefaultConfigration.yml
2024-09-30 22:24:22,675 - Inference - DEBUG - Obtained Configuration.
2024-09-30 22:25:02,067 - Inference - DEBUG - Reading YAML file from /workspaces/DetectionXR/config/DefaultConfigration.yml
2024-09-30 22:25:02,745 - Inference - DEBUG - Reading YAML file from /workspaces/DetectionXR/config/DefaultConfigration.yml
2024-09-30 22:25:02,748 - Inference - DEBUG - Obtained Configuration.
2024-09-30 22:31:26,964 - Inference - DEBUG - Reading YAML file from /workspaces/DetectionXR/config/DefaultConfigration.yml
2024-09-30 22:31:27,669 - Inference - DEBUG - Reading YAML file from /workspaces/DetectionXR/config/DefaultConfigration.yml
2024-09-30 22:31:27,671 - Inference - DEBUG - Obtained Configuration.
2024-09-30 22:31:52,230 - Inference - DEBUG - Reading YAML file from /workspaces/DetectionXR/config/DefaultConfigration.yml
2024-09-30 22:31:52,937 - Inference - DEBUG - Reading YAML file from /workspaces/DetectionXR/config/DefaultConfigration.yml
2024-09-30 22:31:52,940 - Inference - DEBUG - Obtained Configuration.
2024-09-30 22:31:52,940 - Inference - DEBUG - Starting download from https://drive.google.com/uc?id=1z-eWq6Ld_0h9QFHVNd2biJ25lLwwNo3m
2024-09-30 22:32:14,576 - Inference - DEBUG - File size: 1.90 GB
2024-09-30 22:32:14,576 - Inference - DEBUG - Download completed. File size: File size: 1.90 GB
2024-09-30 22:32:14,576 - Inference - DEBUG - Downloaded dataset 'YOLODataSet' from https://drive.google.com/file/d/1z-eWq6Ld_0h9QFHVNd2biJ25lLwwNo3m/view?usp=sharing.
2024-09-30 22:32:14,576 - Inference - DEBUG - Stargin exraction of /workspaces/DetectionXR/data/raw/YOLODataSet.zip to /workspaces/DetectionXR/data/extraction_zip
2024-09-30 22:32:44,052 - Inference - DEBUG - Extraction completed successfully to /workspaces/DetectionXR/data/extraction_zip
2024-09-30 22:32:44,064 - Inference - DEBUG - Extracted dataset 'YOLODataSet' to /workspaces/DetectionXR/data/extraction_zip.
2024-09-30 22:49:59,575 - Inference - DEBUG - Reading YAML file from /workspaces/DetectionXR/config/DefaultConfigration.yml
2024-09-30 22:50:00,283 - Inference - DEBUG - Reading YAML file from /workspaces/DetectionXR/config/DefaultConfigration.yml
2024-09-30 22:50:00,285 - Inference - DEBUG - Obtained Configuration.
2024-09-30 22:50:00,285 - Inference - DEBUG - Starting download from https://drive.google.com/uc?id=1z-eWq6Ld_0h9QFHVNd2biJ25lLwwNo3m
2024-09-30 22:50:34,056 - Inference - DEBUG - File size: 1.90 GB
2024-09-30 22:50:34,057 - Inference - DEBUG - Download completed. File size: File size: 1.90 GB
2024-09-30 22:50:34,057 - Inference - DEBUG - Downloaded dataset 'YOLODataSet' from https://drive.google.com/file/d/1z-eWq6Ld_0h9QFHVNd2biJ25lLwwNo3m/view?usp=sharing.
2024-09-30 22:50:34,057 - Inference - DEBUG - Stargin exraction of /workspaces/DetectionXR/data/raw/YOLODataSet.zip to /workspaces/DetectionXR/data/extraction_zip
2024-09-30 22:51:11,230 - Inference - DEBUG - Extraction completed successfully to /workspaces/DetectionXR/data/extraction_zip
2024-09-30 22:51:11,239 - Inference - DEBUG - Extracted dataset 'YOLODataSet' to /workspaces/DetectionXR/data/extraction_zip.
2024-09-30 22:52:41,394 - Inference - DEBUG - Reading YAML file from /workspaces/DetectionXR/config/DefaultConfigration.yml
2024-09-30 22:52:42,110 - Inference - DEBUG - Reading YAML file from /workspaces/DetectionXR/config/DefaultConfigration.yml
2024-09-30 22:52:42,112 - Inference - DEBUG - Obtained Configuration.
2024-09-30 22:52:42,113 - Inference - DEBUG - Starting download from https://drive.google.com/uc?id=1z-eWq6Ld_0h9QFHVNd2biJ25lLwwNo3m
2024-09-30 22:52:56,893 - Inference - DEBUG - File size: 1.90 GB
2024-09-30 22:52:56,894 - Inference - DEBUG - Download completed. File size: File size: 1.90 GB
2024-09-30 22:52:56,894 - Inference - DEBUG - Downloaded dataset 'YOLODataSet' from https://drive.google.com/file/d/1z-eWq6Ld_0h9QFHVNd2biJ25lLwwNo3m/view?usp=sharing.
2024-09-30 22:52:56,894 - Inference - DEBUG - Stargin exraction of /workspaces/DetectionXR/data/raw/YOLODataSet.zip to /workspaces/DetectionXR/data/extraction_zip
2024-09-30 22:53:43,781 - Inference - DEBUG - Extraction completed successfully to /workspaces/DetectionXR/data/extraction_zip
2024-09-30 22:53:44,000 - Inference - DEBUG - Extracted dataset 'YOLODataSet' to /workspaces/DetectionXR/data/extraction_zip.
2024-09-30 22:58:18,500 - Inference - DEBUG - Reading YAML file from /workspaces/DetectionXR/config/DefaultConfigration.yml
2024-09-30 22:58:19,402 - Inference - DEBUG - Reading YAML file from /workspaces/DetectionXR/config/DefaultConfigration.yml
2024-09-30 22:58:19,404 - Inference - DEBUG - Obtained Configuration.
2024-09-30 22:58:19,404 - Inference - DEBUG - Starting download from https://drive.google.com/uc?id=1z-eWq6Ld_0h9QFHVNd2biJ25lLwwNo3m
2024-09-30 22:58:45,570 - Inference - DEBUG - File size: 1.90 GB
2024-09-30 22:58:45,570 - Inference - DEBUG - Download completed. File size: File size: 1.90 GB
2024-09-30 22:58:45,571 - Inference - DEBUG - Downloaded dataset 'YOLODataSet' from https://drive.google.com/file/d/1z-eWq6Ld_0h9QFHVNd2biJ25lLwwNo3m/view?usp=sharing.
2024-09-30 22:58:45,571 - Inference - DEBUG - Stargin exraction of /workspaces/DetectionXR/data/raw/YOLODataSet.zip to /workspaces/DetectionXR/data/extraction_zip
2024-09-30 22:59:18,502 - Inference - DEBUG - Extraction completed successfully to /workspaces/DetectionXR/data/extraction_zip
2024-09-30 22:59:18,511 - Inference - DEBUG - Extracted dataset 'YOLODataSet' to /workspaces/DetectionXR/data/extraction_zip.
2024-09-30 23:01:12,944 - Inference - DEBUG - Reading YAML file from /workspaces/DetectionXR/config/DefaultConfigration.yml
2024-09-30 23:01:13,691 - Inference - DEBUG - Reading YAML file from /workspaces/DetectionXR/config/DefaultConfigration.yml
2024-09-30 23:01:13,693 - Inference - DEBUG - Obtained Configuration.
2024-09-30 23:02:18,027 - Inference - DEBUG - Reading YAML file from /workspaces/DetectionXR/config/DefaultConfigration.yml
2024-09-30 23:02:18,733 - Inference - DEBUG - Reading YAML file from /workspaces/DetectionXR/config/DefaultConfigration.yml
2024-09-30 23:02:18,735 - Inference - DEBUG - Obtained Configuration.
2024-09-30 23:02:18,736 - Inference - DEBUG - Starting download from https://drive.google.com/uc?id=1z-eWq6Ld_0h9QFHVNd2biJ25lLwwNo3m
2024-09-30 23:02:44,814 - Inference - DEBUG - File size: 1.90 GB
2024-09-30 23:02:44,814 - Inference - DEBUG - Download completed. File size: File size: 1.90 GB
2024-09-30 23:02:44,815 - Inference - DEBUG - Downloaded dataset 'YOLODataSet' from https://drive.google.com/file/d/1z-eWq6Ld_0h9QFHVNd2biJ25lLwwNo3m/view?usp=sharing.
2024-09-30 23:02:44,815 - Inference - DEBUG - Stargin exraction of /workspaces/DetectionXR/data/raw/YOLODataSet.zip to /workspaces/DetectionXR/data/extraction_zip
2024-09-30 23:03:16,200 - Inference - DEBUG - Extraction completed successfully to /workspaces/DetectionXR/data/extraction_zip
2024-09-30 23:03:16,210 - Inference - DEBUG - Extracted dataset 'YOLODataSet' to /workspaces/DetectionXR/data/extraction_zip.
2024-09-30 23:05:44,407 - Inference - DEBUG - Reading YAML file from /workspaces/DetectionXR/config/DefaultConfigration.yml
2024-09-30 23:05:45,096 - Inference - DEBUG - Reading YAML file from /workspaces/DetectionXR/config/DefaultConfigration.yml
2024-09-30 23:05:45,099 - Inference - DEBUG - Obtained Configuration.
2024-09-30 23:05:45,099 - Inference - DEBUG - Starting download from https://drive.google.com/uc?id=1z-eWq6Ld_0h9QFHVNd2biJ25lLwwNo3m
2024-09-30 23:05:58,906 - Inference - DEBUG - File size: 1.90 GB
2024-09-30 23:05:58,906 - Inference - DEBUG - Download completed. File size: File size: 1.90 GB
2024-09-30 23:05:58,907 - Inference - DEBUG - Downloaded dataset 'YOLODataSet' from https://drive.google.com/file/d/1z-eWq6Ld_0h9QFHVNd2biJ25lLwwNo3m/view?usp=sharing.
2024-09-30 23:05:58,908 - Inference - DEBUG - Stargin exraction of /workspaces/DetectionXR/data/raw/YOLODataSet.zip to /workspaces/DetectionXR/data/extraction_zip
2024-09-30 23:06:19,445 - Inference - DEBUG - Extraction completed successfully to /workspaces/DetectionXR/data/extraction_zip
2024-09-30 23:06:19,455 - Inference - DEBUG - Extracted dataset 'YOLODataSet' to /workspaces/DetectionXR/data/extraction_zip.
2024-09-30 23:07:30,252 - Inference - DEBUG - Reading YAML file from /workspaces/DetectionXR/config/DefaultConfigration.yml
2024-09-30 23:07:30,972 - Inference - DEBUG - Reading YAML file from /workspaces/DetectionXR/config/DefaultConfigration.yml
2024-09-30 23:07:30,975 - Inference - DEBUG - Obtained Configuration.
2024-09-30 23:07:30,975 - Inference - DEBUG - Starting download from https://drive.google.com/uc?id=1z-eWq6Ld_0h9QFHVNd2biJ25lLwwNo3m
2024-09-30 23:07:44,175 - Inference - DEBUG - File size: 1.90 GB
2024-09-30 23:07:44,175 - Inference - DEBUG - Download completed. File size: File size: 1.90 GB
2024-09-30 23:07:44,176 - Inference - DEBUG - Downloaded dataset 'YOLODataSet' from https://drive.google.com/file/d/1z-eWq6Ld_0h9QFHVNd2biJ25lLwwNo3m/view?usp=sharing.
2024-09-30 23:07:44,176 - Inference - DEBUG - Stargin exraction of /workspaces/DetectionXR/data/raw/YOLODataSet.zip to /workspaces/DetectionXR/data/extraction_zip
2024-09-30 23:08:16,451 - Inference - DEBUG - Extraction completed successfully to /workspaces/DetectionXR/data/extraction_zip
2024-09-30 23:08:16,461 - Inference - DEBUG - Extracted dataset 'YOLODataSet' to /workspaces/DetectionXR/data/extraction_zip.
2024-09-30 23:10:54,055 - Inference - DEBUG - Reading YAML file from /workspaces/DetectionXR/config/DefaultConfigration.yml
2024-09-30 23:10:54,771 - Inference - DEBUG - Reading YAML file from /workspaces/DetectionXR/config/DefaultConfigration.yml
2024-09-30 23:10:54,773 - Inference - DEBUG - Obtained Configuration.
2024-09-30 23:10:54,773 - Inference - DEBUG - Starting download from https://drive.google.com/uc?id=1z-eWq6Ld_0h9QFHVNd2biJ25lLwwNo3m
2024-09-30 23:11:07,664 - Inference - DEBUG - File size: 1.90 GB
2024-09-30 23:11:07,664 - Inference - DEBUG - Download completed. File size: File size: 1.90 GB
2024-09-30 23:11:07,664 - Inference - DEBUG - Downloaded dataset 'YOLODataSet' from https://drive.google.com/file/d/1z-eWq6Ld_0h9QFHVNd2biJ25lLwwNo3m/view?usp=sharing.
2024-09-30 23:11:07,665 - Inference - DEBUG - Stargin exraction of /workspaces/DetectionXR/data/raw/YOLODataSet.zip to /workspaces/DetectionXR/data/extraction_zip
2024-09-30 23:11:44,098 - Inference - DEBUG - Extraction completed successfully to /workspaces/DetectionXR/data/extraction_zip
2024-09-30 23:11:44,111 - Inference - DEBUG - Extracted dataset 'YOLODataSet' to /workspaces/DetectionXR/data/extraction_zip.
2024-09-30 23:12:17,690 - Inference - DEBUG - Reading YAML file from /workspaces/DetectionXR/config/DefaultConfigration.yml
2024-09-30 23:12:18,371 - Inference - DEBUG - Reading YAML file from /workspaces/DetectionXR/config/DefaultConfigration.yml
2024-09-30 23:12:18,373 - Inference - DEBUG - Obtained Configuration.
2024-09-30 23:12:18,373 - Inference - DEBUG - Starting download from https://drive.google.com/uc?id=1z-eWq6Ld_0h9QFHVNd2biJ25lLwwNo3m
2024-09-30 23:12:33,934 - Inference - DEBUG - File size: 1.90 GB
2024-09-30 23:12:33,934 - Inference - DEBUG - Download completed. File size: File size: 1.90 GB
2024-09-30 23:12:33,935 - Inference - DEBUG - Downloaded dataset 'YOLODataSet' from https://drive.google.com/file/d/1z-eWq6Ld_0h9QFHVNd2biJ25lLwwNo3m/view?usp=sharing.
2024-09-30 23:12:33,935 - Inference - DEBUG - Stargin exraction of /workspaces/DetectionXR/data/raw/YOLODataSet.zip to /workspaces/DetectionXR/data/extraction_zip
2024-09-30 23:13:01,205 - Inference - DEBUG - Extraction completed successfully to /workspaces/DetectionXR/data/extraction_zip
2024-09-30 23:13:01,217 - Inference - DEBUG - Extracted dataset 'YOLODataSet' to /workspaces/DetectionXR/data/extraction_zip.
2024-09-30 23:13:02,075 - Inference - DEBUG - Running on CPU.
2024-09-30 23:15:46,296 - Inference - DEBUG - Reading YAML file from /workspaces/DetectionXR/config/DefaultConfigration.yml
2024-09-30 23:15:46,991 - Inference - DEBUG - Reading YAML file from /workspaces/DetectionXR/config/DefaultConfigration.yml
2024-09-30 23:15:46,993 - Inference - DEBUG - Obtained Configuration.
2024-09-30 23:15:46,993 - Inference - DEBUG - Starting download from https://drive.google.com/uc?id=1z-eWq6Ld_0h9QFHVNd2biJ25lLwwNo3m
2024-09-30 23:16:01,612 - Inference - DEBUG - File size: 1.90 GB
2024-09-30 23:16:01,612 - Inference - DEBUG - Download completed. File size: File size: 1.90 GB
2024-09-30 23:16:01,612 - Inference - DEBUG - Downloaded dataset 'YOLODataSet' from https://drive.google.com/file/d/1z-eWq6Ld_0h9QFHVNd2biJ25lLwwNo3m/view?usp=sharing.
2024-09-30 23:16:01,613 - Inference - DEBUG - Stargin exraction of /workspaces/DetectionXR/data/raw/YOLODataSet.zip to /workspaces/DetectionXR/data/extraction_zip
2024-09-30 23:16:25,681 - Inference - DEBUG - Extraction completed successfully to /workspaces/DetectionXR/data/extraction_zip
2024-09-30 23:16:25,692 - Inference - DEBUG - Extracted dataset 'YOLODataSet' to /workspaces/DetectionXR/data/extraction_zip.
2024-09-30 23:16:27,628 - Inference - DEBUG - Running on CPU.
2024-09-30 23:19:54,892 - Inference - DEBUG - Reading YAML file from /workspaces/DetectionXR/config/DefaultConfigration.yml
2024-09-30 23:19:55,600 - Inference - DEBUG - Reading YAML file from /workspaces/DetectionXR/config/DefaultConfigration.yml
2024-09-30 23:19:55,603 - Inference - DEBUG - Obtained Configuration.
2024-09-30 23:19:55,603 - Inference - DEBUG - Starting download from https://drive.google.com/uc?id=1z-eWq6Ld_0h9QFHVNd2biJ25lLwwNo3m
2024-09-30 23:20:06,657 - Inference - DEBUG - File size: 1.90 GB
2024-09-30 23:20:06,657 - Inference - DEBUG - Download completed. File size: File size: 1.90 GB
2024-09-30 23:20:06,657 - Inference - DEBUG - Downloaded dataset 'YOLODataSet' from https://drive.google.com/file/d/1z-eWq6Ld_0h9QFHVNd2biJ25lLwwNo3m/view?usp=sharing.
2024-09-30 23:20:06,658 - Inference - DEBUG - Stargin exraction of /workspaces/DetectionXR/data/raw/YOLODataSet.zip to /workspaces/DetectionXR/data/extraction_zip
2024-09-30 23:20:43,441 - Inference - DEBUG - Extraction completed successfully to /workspaces/DetectionXR/data/extraction_zip
2024-09-30 23:20:43,451 - Inference - DEBUG - Extracted dataset 'YOLODataSet' to /workspaces/DetectionXR/data/extraction_zip.
2024-09-30 23:20:44,246 - Inference - DEBUG - Running on CPU.
2024-09-30 23:21:52,400 - Inference - DEBUG - Reading YAML file from /workspaces/DetectionXR/config/DefaultConfigration.yml
2024-09-30 23:21:53,107 - Inference - DEBUG - Reading YAML file from /workspaces/DetectionXR/config/DefaultConfigration.yml
2024-09-30 23:21:53,109 - Inference - DEBUG - Obtained Configuration.
2024-09-30 23:21:53,109 - Inference - DEBUG - Starting download from https://drive.google.com/uc?id=1z-eWq6Ld_0h9QFHVNd2biJ25lLwwNo3m
2024-09-30 23:22:03,869 - Inference - DEBUG - File size: 1.90 GB
2024-09-30 23:22:03,869 - Inference - DEBUG - Download completed. File size: File size: 1.90 GB
2024-09-30 23:22:03,869 - Inference - DEBUG - Downloaded dataset 'YOLODataSet' from https://drive.google.com/file/d/1z-eWq6Ld_0h9QFHVNd2biJ25lLwwNo3m/view?usp=sharing.
2024-09-30 23:22:03,869 - Inference - DEBUG - Stargin exraction of /workspaces/DetectionXR/data/raw/YOLODataSet.zip to /workspaces/DetectionXR/data/extraction_zip
2024-09-30 23:22:28,733 - Inference - DEBUG - Extraction completed successfully to /workspaces/DetectionXR/data/extraction_zip
2024-09-30 23:22:28,750 - Inference - DEBUG - Extracted dataset 'YOLODataSet' to /workspaces/DetectionXR/data/extraction_zip.
2024-09-30 23:22:29,728 - Inference - DEBUG - Running on CPU.
2024-09-30 23:25:57,474 - Inference - DEBUG - Reading YAML file from /workspaces/DetectionXR/config/DefaultConfigration.yml
2024-09-30 23:25:58,153 - Inference - DEBUG - Reading YAML file from /workspaces/DetectionXR/config/DefaultConfigration.yml
2024-09-30 23:25:58,155 - Inference - DEBUG - Obtained Configuration.
2024-09-30 23:27:08,423 - Inference - DEBUG - Reading YAML file from /workspaces/DetectionXR/config/DefaultConfigration.yml
2024-09-30 23:27:09,099 - Inference - DEBUG - Reading YAML file from /workspaces/DetectionXR/config/DefaultConfigration.yml
2024-09-30 23:27:09,102 - Inference - DEBUG - Obtained Configuration.
2024-09-30 23:27:33,946 - Inference - DEBUG - Reading YAML file from /workspaces/DetectionXR/config/DefaultConfigration.yml
2024-09-30 23:27:34,635 - Inference - DEBUG - Reading YAML file from /workspaces/DetectionXR/config/DefaultConfigration.yml
2024-09-30 23:27:34,637 - Inference - DEBUG - Obtained Configuration.
2024-09-30 23:27:34,637 - Inference - DEBUG - Starting download from https://drive.google.com/uc?id=1z-eWq6Ld_0h9QFHVNd2biJ25lLwwNo3m
2024-09-30 23:27:47,436 - Inference - DEBUG - File size: 1.90 GB
2024-09-30 23:27:47,437 - Inference - DEBUG - Download completed. File size: File size: 1.90 GB
2024-09-30 23:27:47,437 - Inference - DEBUG - Downloaded dataset 'YOLODataSet' from https://drive.google.com/file/d/1z-eWq6Ld_0h9QFHVNd2biJ25lLwwNo3m/view?usp=sharing.
2024-09-30 23:27:47,437 - Inference - DEBUG - Stargin exraction of /workspaces/DetectionXR/data/raw/YOLODataSet.zip to /workspaces/DetectionXR/data/extraction_zip
2024-09-30 23:28:23,284 - Inference - DEBUG - Extraction completed successfully to /workspaces/DetectionXR/data/extraction_zip
2024-09-30 23:28:23,293 - Inference - DEBUG - Extracted dataset 'YOLODataSet' to /workspaces/DetectionXR/data/extraction_zip.
2024-09-30 23:28:24,135 - Inference - DEBUG - Running on CPU.
2024-09-30 23:32:47,102 - Inference - DEBUG - Reading YAML file from /workspaces/DetectionXR/config/DefaultConfigration.yml
2024-09-30 23:32:47,844 - Inference - DEBUG - Reading YAML file from /workspaces/DetectionXR/config/DefaultConfigration.yml
2024-09-30 23:32:47,846 - Inference - DEBUG - Obtained Configuration.
2024-09-30 23:32:47,846 - Inference - DEBUG - Starting download from https://drive.google.com/uc?id=1z-eWq6Ld_0h9QFHVNd2biJ25lLwwNo3m
2024-09-30 23:33:02,704 - Inference - DEBUG - File size: 1.90 GB
2024-09-30 23:33:02,705 - Inference - DEBUG - Download completed. File size: File size: 1.90 GB
2024-09-30 23:33:02,705 - Inference - DEBUG - Downloaded dataset 'YOLODataSet' from https://drive.google.com/file/d/1z-eWq6Ld_0h9QFHVNd2biJ25lLwwNo3m/view?usp=sharing.
2024-09-30 23:33:02,705 - Inference - DEBUG - Stargin exraction of /workspaces/DetectionXR/data/raw/YOLODataSet.zip to /workspaces/DetectionXR/data/extraction_zip
2024-09-30 23:33:36,585 - Inference - DEBUG - Extraction completed successfully to /workspaces/DetectionXR/data/extraction_zip
2024-09-30 23:33:36,595 - Inference - DEBUG - Extracted dataset 'YOLODataSet' to /workspaces/DetectionXR/data/extraction_zip.
2024-09-30 23:34:49,654 - Inference - DEBUG - Reading YAML file from /workspaces/DetectionXR/config/DefaultConfigration.yml
2024-09-30 23:34:50,342 - Inference - DEBUG - Reading YAML file from /workspaces/DetectionXR/config/DefaultConfigration.yml
2024-09-30 23:34:50,344 - Inference - DEBUG - Obtained Configuration.
2024-09-30 23:34:50,345 - Inference - DEBUG - Starting download from https://drive.google.com/uc?id=1z-eWq6Ld_0h9QFHVNd2biJ25lLwwNo3m
2024-09-30 23:35:03,877 - Inference - DEBUG - File size: 1.90 GB
2024-09-30 23:35:03,877 - Inference - DEBUG - Download completed. File size: File size: 1.90 GB
2024-09-30 23:35:03,877 - Inference - DEBUG - Downloaded dataset 'YOLODataSet' from https://drive.google.com/file/d/1z-eWq6Ld_0h9QFHVNd2biJ25lLwwNo3m/view?usp=sharing.
2024-09-30 23:35:03,877 - Inference - DEBUG - Stargin exraction of /workspaces/DetectionXR/data/raw/YOLODataSet.zip to /workspaces/DetectionXR/data/extraction_zip
2024-09-30 23:35:34,777 - Inference - DEBUG - Extraction completed successfully to /workspaces/DetectionXR/data/extraction_zip
2024-09-30 23:35:34,788 - Inference - DEBUG - Extracted dataset 'YOLODataSet' to /workspaces/DetectionXR/data/extraction_zip.
2024-09-30 23:35:36,132 - Inference - DEBUG - Running on CPU.
2024-09-30 23:37:19,080 - Inference - DEBUG - Reading YAML file from /workspaces/DetectionXR/config/DefaultConfigration.yml
2024-09-30 23:37:19,773 - Inference - DEBUG - Reading YAML file from /workspaces/DetectionXR/config/DefaultConfigration.yml
2024-09-30 23:37:19,775 - Inference - DEBUG - Obtained Configuration.
2024-09-30 23:37:19,775 - Inference - DEBUG - Starting download from https://drive.google.com/uc?id=1z-eWq6Ld_0h9QFHVNd2biJ25lLwwNo3m
2024-09-30 23:37:33,949 - Inference - DEBUG - File size: 1.90 GB
2024-09-30 23:37:34,029 - Inference - DEBUG - Download completed. File size: File size: 1.90 GB
2024-09-30 23:37:34,029 - Inference - DEBUG - Downloaded dataset 'YOLODataSet' from https://drive.google.com/file/d/1z-eWq6Ld_0h9QFHVNd2biJ25lLwwNo3m/view?usp=sharing.
2024-09-30 23:37:34,029 - Inference - DEBUG - Stargin exraction of /workspaces/DetectionXR/data/raw/YOLODataSet.zip to /workspaces/DetectionXR/data/extraction_zip
2024-09-30 23:38:09,681 - Inference - DEBUG - Extraction completed successfully to /workspaces/DetectionXR/data/extraction_zip
2024-09-30 23:38:09,690 - Inference - DEBUG - Extracted dataset 'YOLODataSet' to /workspaces/DetectionXR/data/extraction_zip.
2024-09-30 23:38:10,484 - Inference - DEBUG - Running on CPU.
2024-09-30 23:40:06,709 - Inference - DEBUG - Reading YAML file from /workspaces/DetectionXR/config/DefaultConfigration.yml
2024-09-30 23:40:07,418 - Inference - DEBUG - Reading YAML file from /workspaces/DetectionXR/config/DefaultConfigration.yml
2024-09-30 23:40:07,421 - Inference - DEBUG - Obtained Configuration.
2024-09-30 23:40:08,250 - Inference - DEBUG - Running on CPU.
2024-09-30 23:54:42,527 - Inference - DEBUG - Reading YAML file from /workspaces/DetectionXR/config/DefaultConfigration.yml
2024-09-30 23:54:43,213 - Inference - DEBUG - Reading YAML file from /workspaces/DetectionXR/config/DefaultConfigration.yml
2024-09-30 23:54:43,216 - Inference - DEBUG - Obtained Configuration.
2024-09-30 23:54:44,029 - Inference - DEBUG - Running on CPU.
2024-09-30 23:55:23,323 - Inference - DEBUG - Reading YAML file from /workspaces/DetectionXR/config/DefaultConfigration.yml
2024-09-30 23:55:24,003 - Inference - DEBUG - Reading YAML file from /workspaces/DetectionXR/config/DefaultConfigration.yml
2024-09-30 23:55:24,006 - Inference - DEBUG - Obtained Configuration.
2024-09-30 23:55:24,768 - Inference - DEBUG - Running on CPU.
2024-09-30 23:57:50,209 - Inference - DEBUG - Reading YAML file from /workspaces/DetectionXR/config/DefaultConfigration.yml
2024-09-30 23:57:50,884 - Inference - DEBUG - Reading YAML file from /workspaces/DetectionXR/config/DefaultConfigration.yml
2024-09-30 23:57:50,886 - Inference - DEBUG - Obtained Configuration.
2024-09-30 23:57:51,674 - Inference - DEBUG - Running on CPU.
2024-09-30 23:59:01,455 - Inference - DEBUG - Reading YAML file from /workspaces/DetectionXR/config/DefaultConfigration.yml
2024-09-30 23:59:02,150 - Inference - DEBUG - Reading YAML file from /workspaces/DetectionXR/config/DefaultConfigration.yml
2024-09-30 23:59:02,152 - Inference - DEBUG - Obtained Configuration.
2024-09-30 23:59:02,953 - Inference - DEBUG - Running on CPU.
2024-10-01 00:01:29,549 - Inference - DEBUG - Reading YAML file from /workspaces/DetectionXR/config/DefaultConfigration.yml
2024-10-01 00:01:30,309 - Inference - DEBUG - Reading YAML file from /workspaces/DetectionXR/config/DefaultConfigration.yml
2024-10-01 00:01:30,311 - Inference - DEBUG - Obtained Configuration.
2024-10-01 00:01:31,136 - Inference - DEBUG - Running on CPU.
2024-10-01 00:02:26,572 - Inference - DEBUG - Reading YAML file from /workspaces/DetectionXR/config/DefaultConfigration.yml
2024-10-01 00:02:27,260 - Inference - DEBUG - Reading YAML file from /workspaces/DetectionXR/config/DefaultConfigration.yml
2024-10-01 00:02:27,262 - Inference - DEBUG - Obtained Configuration.
2024-10-01 00:02:28,036 - Inference - DEBUG - Running on CPU.
2024-10-01 00:05:46,618 - Inference - DEBUG - Reading YAML file from /workspaces/DetectionXR/config/DefaultConfigration.yml
2024-10-01 00:05:47,347 - Inference - DEBUG - Reading YAML file from /workspaces/DetectionXR/config/DefaultConfigration.yml
2024-10-01 00:05:47,349 - Inference - DEBUG - Obtained Configuration.
2024-10-01 00:12:17,391 - Inference - DEBUG - Reading YAML file from /workspaces/DetectionXR/config/DefaultConfigration.yml
2024-10-01 00:12:18,076 - Inference - DEBUG - Reading YAML file from /workspaces/DetectionXR/config/DefaultConfigration.yml
2024-10-01 00:12:18,078 - Inference - DEBUG - Obtained Configuration.
2024-10-01 00:13:32,026 - Inference - DEBUG - Reading YAML file from /workspaces/DetectionXR/config/DefaultConfigration.yml
2024-10-01 00:13:32,718 - Inference - DEBUG - Reading YAML file from /workspaces/DetectionXR/config/DefaultConfigration.yml
2024-10-01 00:13:32,720 - Inference - DEBUG - Obtained Configuration.
2024-10-01 00:15:21,691 - Inference - DEBUG - Reading YAML file from /workspaces/DetectionXR/config/DefaultConfigration.yml
2024-10-01 00:15:22,367 - Inference - DEBUG - Reading YAML file from /workspaces/DetectionXR/config/DefaultConfigration.yml
2024-10-01 00:15:22,370 - Inference - DEBUG - Obtained Configuration.
2024-10-01 00:32:15,978 - Inference - DEBUG - Reading YAML file from /workspaces/DetectionXR/config/DefaultConfigration.yml
2024-10-01 00:32:16,670 - Inference - DEBUG - Reading YAML file from /workspaces/DetectionXR/config/DefaultConfigration.yml
2024-10-01 00:32:16,673 - Inference - DEBUG - Obtained Configuration.
2024-10-01 00:32:16,776 - Inference - DEBUG - Data generator created for images in '/workspaces/DetectionXR/data/extraction_zip/YOLODataSet/images/train' and labels in '/workspaces/DetectionXR/data/extraction_zip/YOLODataSet/labels/train'.
2024-10-01 00:32:16,885 - Inference - DEBUG - Data generator created for images in '/workspaces/DetectionXR/data/extraction_zip/YOLODataSet/images/train' and labels in '/workspaces/DetectionXR/data/extraction_zip/YOLODataSet/labels/train'.
2024-10-01 00:33:41,657 - Inference - DEBUG - Reading YAML file from /workspaces/DetectionXR/config/DefaultConfigration.yml
2024-10-01 00:33:42,346 - Inference - DEBUG - Reading YAML file from /workspaces/DetectionXR/config/DefaultConfigration.yml
2024-10-01 00:33:42,348 - Inference - DEBUG - Obtained Configuration.
2024-10-01 00:33:42,456 - Inference - DEBUG - Data generator created for images in '/workspaces/DetectionXR/data/extraction_zip/YOLODataSet/images/train' and labels in '/workspaces/DetectionXR/data/extraction_zip/YOLODataSet/labels/train'.
2024-10-01 00:33:42,565 - Inference - DEBUG - Data generator created for images in '/workspaces/DetectionXR/data/extraction_zip/YOLODataSet/images/train' and labels in '/workspaces/DetectionXR/data/extraction_zip/YOLODataSet/labels/train'.
2024-10-01 01:12:42,333 - Inference - DEBUG - Reading YAML file from /workspaces/DetectionXR/config/DefaultConfigration.yml
2024-10-01 01:13:07,012 - Inference - DEBUG - Reading YAML file from /workspaces/DetectionXR/config/DefaultConfigration.yml
2024-10-01 01:13:07,652 - Inference - DEBUG - Reading YAML file from /workspaces/DetectionXR/config/DefaultConfigration.yml
2024-10-01 01:13:07,654 - Inference - DEBUG - Obtained Configuration.
2024-10-01 01:13:07,654 - Inference - DEBUG - Starting download from https://drive.google.com/uc?id=1z-eWq6Ld_0h9QFHVNd2biJ25lLwwNo3m
2024-10-01 01:13:21,298 - Inference - DEBUG - File size: 1.90 GB
2024-10-01 01:13:21,298 - Inference - DEBUG - Download completed. File size: File size: 1.90 GB
2024-10-01 01:13:21,298 - Inference - DEBUG - Downloaded dataset 'YOLODataSet' from https://drive.google.com/file/d/1z-eWq6Ld_0h9QFHVNd2biJ25lLwwNo3m/view?usp=sharing.
2024-10-01 01:16:32,470 - Inference - DEBUG - Reading YAML file from /workspaces/DetectionXR/config/DefaultConfigration.yml
2024-10-01 01:16:33,121 - Inference - DEBUG - Reading YAML file from /workspaces/DetectionXR/config/DefaultConfigration.yml
2024-10-01 01:16:33,123 - Inference - DEBUG - Obtained Configuration.
2024-10-01 01:16:33,123 - Inference - DEBUG - Starting download from https://drive.google.com/uc?id=1z-eWq6Ld_0h9QFHVNd2biJ25lLwwNo3m
2024-10-01 01:16:47,935 - Inference - DEBUG - File size: 1.90 GB
2024-10-01 01:16:47,935 - Inference - DEBUG - Download completed. File size: File size: 1.90 GB
2024-10-01 01:16:47,935 - Inference - DEBUG - Downloaded dataset 'YOLODataSet' from https://drive.google.com/file/d/1z-eWq6Ld_0h9QFHVNd2biJ25lLwwNo3m/view?usp=sharing.
2024-10-01 01:16:47,936 - Inference - DEBUG - Stargin exraction of /workspaces/DetectionXR/data/raw/YOLODataSet.zip to /workspaces/DetectionXR/data/extraction_zip
2024-10-01 01:17:27,131 - Inference - DEBUG - Extraction completed successfully to /workspaces/DetectionXR/data/extraction_zip
2024-10-01 01:17:27,144 - Inference - DEBUG - Extracted dataset 'YOLODataSet' to /workspaces/DetectionXR/data/extraction_zip.
2024-10-01 01:17:28,600 - Inference - DEBUG - Running on CPU.
